<?xml version="1.0" encoding="UTF-8"?>
<testng-results ignored="0" total="2" passed="2" failed="0" skipped="0">
  <reporter-output>
  </reporter-output>
  <suite started-at="2022-07-09T21:35:52 IST" name="testNG.QuickTest" finished-at="2022-07-09T21:35:52 IST" duration-ms="32">
    <groups>
    </groups>
    <test started-at="2022-07-09T21:35:52 IST" name="Command line test" finished-at="2022-07-09T21:35:52 IST" duration-ms="32">
      <class name="testNG.QuickTest">
        <test-method is-config="true" signature="beforeClass()[pri:0, instance:testNG.QuickTest@19dc67c2]" started-at="2022-07-09T21:35:52 IST" name="beforeClass" finished-at="2022-07-09T21:35:52 IST" duration-ms="6" status="PASS">
          <reporter-output>
          </reporter-output>
        </test-method> <!-- beforeClass -->
        <test-method is-config="true" signature="setup()[pri:0, instance:testNG.QuickTest@19dc67c2]" started-at="2022-07-09T21:35:52 IST" name="setup" finished-at="2022-07-09T21:35:52 IST" duration-ms="1" status="PASS">
          <reporter-output>
          </reporter-output>
        </test-method> <!-- setup -->
        <test-method signature="test1()[pri:0, instance:testNG.QuickTest@19dc67c2]" started-at="2022-07-09T21:35:52 IST" name="test1" finished-at="2022-07-09T21:35:52 IST" duration-ms="1" status="PASS">
          <reporter-output>
          </reporter-output>
        </test-method> <!-- test1 -->
        <test-method is-config="true" signature="tearDown()[pri:0, instance:testNG.QuickTest@19dc67c2]" started-at="2022-07-09T21:35:52 IST" name="tearDown" finished-at="2022-07-09T21:35:52 IST" duration-ms="0" status="PASS">
          <reporter-output>
          </reporter-output>
        </test-method> <!-- tearDown -->
        <test-method signature="test2()[pri:0, instance:testNG.QuickTest@19dc67c2]" started-at="2022-07-09T21:35:52 IST" name="test2" finished-at="2022-07-09T21:35:52 IST" duration-ms="1" status="PASS">
          <reporter-output>
          </reporter-output>
        </test-method> <!-- test2 -->
        <test-method is-config="true" signature="setup()[pri:0, instance:testNG.QuickTest@19dc67c2]" started-at="2022-07-09T21:35:52 IST" name="setup" finished-at="2022-07-09T21:35:52 IST" duration-ms="0" status="PASS">
          <reporter-output>
          </reporter-output>
        </test-method> <!-- setup -->
        <test-method is-config="true" signature="tearDown()[pri:0, instance:testNG.QuickTest@19dc67c2]" started-at="2022-07-09T21:35:52 IST" name="tearDown" finished-at="2022-07-09T21:35:52 IST" duration-ms="0" status="PASS">
          <reporter-output>
          </reporter-output>
        </test-method> <!-- tearDown -->
        <test-method is-config="true" signature="afterClass()[pri:0, instance:testNG.QuickTest@19dc67c2]" started-at="2022-07-09T21:35:52 IST" name="afterClass" finished-at="2022-07-09T21:35:52 IST" duration-ms="0" status="PASS">
          <reporter-output>
          </reporter-output>
        </test-method> <!-- afterClass -->
      </class> <!-- testNG.QuickTest -->
    </test> <!-- Command line test -->
  </suite> <!-- testNG.QuickTest -->
</testng-results>
